1609353396365	geckodriver	INFO	Listening on 127.0.0.1:59794
1609353402637	geckodriver	INFO	Listening on 127.0.0.1:59816
1609353415960	geckodriver	INFO	Listening on 127.0.0.1:59832
1609353726399	geckodriver	INFO	Listening on 127.0.0.1:59932
1609353727415	mozrunner::runner	INFO	Running command: "/Applications/Firefox.app/Contents/MacOS/firefox-bin" "--marionette" "-foreground" "-no-remote" "-profile" "/var/folders/p4/jwptsdn13nx9_114spkdsfh40000gp/T/rust_mozprofileWCSSls"
2020-12-30 19:42:09.149 firefox-bin[41164:11974781] Warning: Expected min height of view: (<NSButton: 0x136590400>) to be less than or equal to 30 but got a height of 32.000000. This error will be logged once per view in violation.
2020-12-30 19:42:09.149 firefox-bin[41164:11974781] Warning: Expected min height of view: (<NSButton: 0x13658f800>) to be less than or equal to 30 but got a height of 32.000000. This error will be logged once per view in violation.
2020-12-30 19:42:09.150 firefox-bin[41164:11974781] Warning: Expected min height of view: (<NSButton: 0x136590000>) to be less than or equal to 30 but got a height of 32.000000. This error will be logged once per view in violation.
2020-12-30 19:42:09.150 firefox-bin[41164:11974781] Warning: Expected min height of view: (<NSButton: 0x135653800>) to be less than or equal to 30 but got a height of 32.000000. This error will be logged once per view in violation.
2020-12-30 19:42:09.151 firefox-bin[41164:11974781] Warning: Expected min height of view: (<NSButton: 0x136593c00>) to be less than or equal to 30 but got a height of 32.000000. This error will be logged once per view in violation.
2020-12-30 19:42:09.151 firefox-bin[41164:11974781] Warning: Expected min height of view: (<NSPopoverTouchBarItemButton: 0x136597400>) to be less than or equal to 30 but got a height of 32.000000. This error will be logged once per view in violation.
2020-12-30 19:42:09.152 firefox-bin[41164:11974781] Warning: Expected min height of view: (<NSPopoverTouchBarItemButton: 0x136624c00>) to be less than or equal to 30 but got a height of 32.000000. This error will be logged once per view in violation.
console.warn: SearchSettings: "get: No settings file exists, new profile?" (new Error("", "(unknown module)"))
1609353730358	Marionette	INFO	Listening on port 59943
1609353730394	Marionette	WARN	TLS certificate errors will be ignored for this session
[GFX1-]: Receive IPC close with reason=AbnormalShutdown
Exiting due to channel error.
[GFX1-]: Receive IPC close with reason=AbnormalShutdown
[GFX1-]: Receive IPC close with reason=AbnormalShutdown
Exiting due to channel error.
Exiting due to channel error.
1609353748516	geckodriver	INFO	Listening on 127.0.0.1:60007
1609353749536	mozrunner::runner	INFO	Running command: "/Applications/Firefox.app/Contents/MacOS/firefox-bin" "--marionette" "-foreground" "-no-remote" "-profile" "/var/folders/p4/jwptsdn13nx9_114spkdsfh40000gp/T/rust_mozprofileF1D3Yu"
2020-12-30 19:42:31.311 firefox-bin[41179:11975595] Warning: Expected min height of view: (<NSButton: 0x138906c00>) to be less than or equal to 30 but got a height of 32.000000. This error will be logged once per view in violation.
2020-12-30 19:42:31.311 firefox-bin[41179:11975595] Warning: Expected min height of view: (<NSButton: 0x138906400>) to be less than or equal to 30 but got a height of 32.000000. This error will be logged once per view in violation.
2020-12-30 19:42:31.312 firefox-bin[41179:11975595] Warning: Expected min height of view: (<NSButton: 0x138906800>) to be less than or equal to 30 but got a height of 32.000000. This error will be logged once per view in violation.
2020-12-30 19:42:31.312 firefox-bin[41179:11975595] Warning: Expected min height of view: (<NSButton: 0x138907000>) to be less than or equal to 30 but got a height of 32.000000. This error will be logged once per view in violation.
2020-12-30 19:42:31.313 firefox-bin[41179:11975595] Warning: Expected min height of view: (<NSButton: 0x138903c00>) to be less than or equal to 30 but got a height of 32.000000. This error will be logged once per view in violation.
2020-12-30 19:42:31.313 firefox-bin[41179:11975595] Warning: Expected min height of view: (<NSPopoverTouchBarItemButton: 0x13890d000>) to be less than or equal to 30 but got a height of 32.000000. This error will be logged once per view in violation.
2020-12-30 19:42:31.313 firefox-bin[41179:11975595] Warning: Expected min height of view: (<NSPopoverTouchBarItemButton: 0x138991800>) to be less than or equal to 30 but got a height of 32.000000. This error will be logged once per view in violation.
console.warn: SearchSettings: "get: No settings file exists, new profile?" (new Error("", "(unknown module)"))
1609353752523	Marionette	INFO	Listening on port 60018
1609353752631	Marionette	WARN	TLS certificate errors will be ignored for this session
JavaScript warning: https://js.datadome.co/tags.js, line 2: unreachable code after return statement
JavaScript warning: https://js.datadome.co/tags.js, line 2: unreachable code after return statement
[GFX1-]: Receive IPC close with reason=AbnormalShutdown
[GFX1-]: Receive IPC close with reason=AbnormalShutdown
Exiting due to channel error.
Exiting due to channel error.
1609471374570	geckodriver	INFO	Listening on 127.0.0.1:60708
1609471375590	mozrunner::runner	INFO	Running command: "/Applications/Firefox.app/Contents/MacOS/firefox-bin" "--marionette" "-foreground" "-no-remote" "-profile" "/var/folders/p4/jwptsdn13nx9_114spkdsfh40000gp/T/rust_mozprofiled50ZwS"
2021-01-01 04:22:57.337 firefox-bin[67818:12553723] Warning: Expected min height of view: (<NSButton: 0x1281ab400>) to be less than or equal to 30 but got a height of 32.000000. This error will be logged once per view in violation.
2021-01-01 04:22:57.337 firefox-bin[67818:12553723] Warning: Expected min height of view: (<NSButton: 0x1341ef400>) to be less than or equal to 30 but got a height of 32.000000. This error will be logged once per view in violation.
2021-01-01 04:22:57.338 firefox-bin[67818:12553723] Warning: Expected min height of view: (<NSButton: 0x1341f7800>) to be less than or equal to 30 but got a height of 32.000000. This error will be logged once per view in violation.
2021-01-01 04:22:57.338 firefox-bin[67818:12553723] Warning: Expected min height of view: (<NSButton: 0x1341f6000>) to be less than or equal to 30 but got a height of 32.000000. This error will be logged once per view in violation.
2021-01-01 04:22:57.339 firefox-bin[67818:12553723] Warning: Expected min height of view: (<NSButton: 0x1341f4400>) to be less than or equal to 30 but got a height of 32.000000. This error will be logged once per view in violation.
2021-01-01 04:22:57.339 firefox-bin[67818:12553723] Warning: Expected min height of view: (<NSPopoverTouchBarItemButton: 0x1341f6800>) to be less than or equal to 30 but got a height of 32.000000. This error will be logged once per view in violation.
2021-01-01 04:22:57.340 firefox-bin[67818:12553723] Warning: Expected min height of view: (<NSPopoverTouchBarItemButton: 0x134271c00>) to be less than or equal to 30 but got a height of 32.000000. This error will be logged once per view in violation.
console.warn: SearchSettings: "get: No settings file exists, new profile?" (new Error("", "(unknown module)"))
1609471378609	Marionette	INFO	Listening on port 60719
1609471378684	Marionette	WARN	TLS certificate errors will be ignored for this session
JavaScript warning: https://js.datadome.co/tags.js, line 2: unreachable code after return statement
JavaScript warning: https://js.datadome.co/tags.js, line 2: unreachable code after return statement
JavaScript error: , line 0: NotFoundError: No such JSWindowActor 'MarionetteEvents'
JavaScript warning: https://js.datadome.co/tags.js, line 2: unreachable code after return statement
JavaScript warning: https://js.datadome.co/tags.js, line 2: unreachable code after return statement
1609471399590	geckodriver	INFO	Listening on 127.0.0.1:60848
1609471399600	mozrunner::runner	INFO	Running command: "/Applications/Firefox.app/Contents/MacOS/firefox-bin" "--marionette" "-foreground" "-no-remote" "-profile" "/var/folders/p4/jwptsdn13nx9_114spkdsfh40000gp/T/rust_mozprofilesPh2Gd"
2021-01-01 04:23:21.309 firefox-bin[67832:12554451] Warning: Expected min height of view: (<NSButton: 0x12302d400>) to be less than or equal to 30 but got a height of 32.000000. This error will be logged once per view in violation.
2021-01-01 04:23:21.309 firefox-bin[67832:12554451] Warning: Expected min height of view: (<NSButton: 0x12ddec000>) to be less than or equal to 30 but got a height of 32.000000. This error will be logged once per view in violation.
2021-01-01 04:23:21.310 firefox-bin[67832:12554451] Warning: Expected min height of view: (<NSButton: 0x12ddec400>) to be less than or equal to 30 but got a height of 32.000000. This error will be logged once per view in violation.
2021-01-01 04:23:21.310 firefox-bin[67832:12554451] Warning: Expected min height of view: (<NSButton: 0x12cf29400>) to be less than or equal to 30 but got a height of 32.000000. This error will be logged once per view in violation.
2021-01-01 04:23:21.311 firefox-bin[67832:12554451] Warning: Expected min height of view: (<NSButton: 0x12ddf3800>) to be less than or equal to 30 but got a height of 32.000000. This error will be logged once per view in violation.
2021-01-01 04:23:21.311 firefox-bin[67832:12554451] Warning: Expected min height of view: (<NSPopoverTouchBarItemButton: 0x12ddf3400>) to be less than or equal to 30 but got a height of 32.000000. This error will be logged once per view in violation.
2021-01-01 04:23:21.312 firefox-bin[67832:12554451] Warning: Expected min height of view: (<NSPopoverTouchBarItemButton: 0x12de75800>) to be less than or equal to 30 but got a height of 32.000000. This error will be logged once per view in violation.
console.warn: SearchSettings: "get: No settings file exists, new profile?" (new Error("", "(unknown module)"))
1609471402597	Marionette	INFO	Listening on port 60857
1609471402705	Marionette	WARN	TLS certificate errors will be ignored for this session
JavaScript warning: https://js.datadome.co/tags.js, line 2: unreachable code after return statement
JavaScript warning: https://js.datadome.co/tags.js, line 2: unreachable code after return statement
[GFX1-]: Receive IPC close with reason=AbnormalShutdown
Exiting due to channel error.
[GFX1-]: Receive IPC close with reason=AbnormalShutdown
[GFX1-]: Receive IPC close with reason=AbnormalShutdown
Exiting due to channel error.
Exiting due to channel error.
1609471442152	geckodriver	INFO	Listening on 127.0.0.1:60942
1609471443165	mozrunner::runner	INFO	Running command: "/Applications/Firefox.app/Contents/MacOS/firefox-bin" "--marionette" "-foreground" "-no-remote" "-profile" "/var/folders/p4/jwptsdn13nx9_114spkdsfh40000gp/T/rust_mozprofilezux1Yd"
2021-01-01 04:24:04.976 firefox-bin[67858:12555569] Warning: Expected min height of view: (<NSButton: 0x133f71400>) to be less than or equal to 30 but got a height of 32.000000. This error will be logged once per view in violation.
2021-01-01 04:24:04.976 firefox-bin[67858:12555569] Warning: Expected min height of view: (<NSButton: 0x133f6f800>) to be less than or equal to 30 but got a height of 32.000000. This error will be logged once per view in violation.
2021-01-01 04:24:04.977 firefox-bin[67858:12555569] Warning: Expected min height of view: (<NSButton: 0x133f70400>) to be less than or equal to 30 but got a height of 32.000000. This error will be logged once per view in violation.
2021-01-01 04:24:04.977 firefox-bin[67858:12555569] Warning: Expected min height of view: (<NSButton: 0x133f70800>) to be less than or equal to 30 but got a height of 32.000000. This error will be logged once per view in violation.
2021-01-01 04:24:04.978 firefox-bin[67858:12555569] Warning: Expected min height of view: (<NSButton: 0x133f6fc00>) to be less than or equal to 30 but got a height of 32.000000. This error will be logged once per view in violation.
2021-01-01 04:24:04.978 firefox-bin[67858:12555569] Warning: Expected min height of view: (<NSPopoverTouchBarItemButton: 0x133f72000>) to be less than or equal to 30 but got a height of 32.000000. This error will be logged once per view in violation.
2021-01-01 04:24:04.979 firefox-bin[67858:12555569] Warning: Expected min height of view: (<NSPopoverTouchBarItemButton: 0x133fe2800>) to be less than or equal to 30 but got a height of 32.000000. This error will be logged once per view in violation.
console.warn: SearchSettings: "get: No settings file exists, new profile?" (new Error("", "(unknown module)"))
1609471446163	Marionette	INFO	Listening on port 60953
1609471446256	Marionette	WARN	TLS certificate errors will be ignored for this session
2021-01-01 04:24:07.638 firefox-bin[67818:12553723] Warning: Expected min height of view: (<NSButton: 0x128130400>) to be less than or equal to 30 but got a height of 32.000000. This error will be logged once per view in violation.
2021-01-01 04:24:07.639 firefox-bin[67818:12553723] Warning: Expected min height of view: (<NSButton: 0x12981a800>) to be less than or equal to 30 but got a height of 32.000000. This error will be logged once per view in violation.
2021-01-01 04:24:07.639 firefox-bin[67818:12553723] Warning: Expected min height of view: (<NSButton: 0x12981c400>) to be less than or equal to 30 but got a height of 32.000000. This error will be logged once per view in violation.
2021-01-01 04:24:07.641 firefox-bin[67818:12553723] Warning: Expected min height of view: (<NSButton: 0x1341edc00>) to be less than or equal to 30 but got a height of 32.000000. This error will be logged once per view in violation.
2021-01-01 04:24:07.641 firefox-bin[67818:12553723] Warning: Expected min height of view: (<NSButton: 0x1341f0400>) to be less than or equal to 30 but got a height of 32.000000. This error will be logged once per view in violation.
2021-01-01 04:24:07.642 firefox-bin[67818:12553723] Warning: Expected min height of view: (<NSPopoverTouchBarItemButton: 0x134bf9800>) to be less than or equal to 30 but got a height of 32.000000. This error will be logged once per view in violation.
2021-01-01 04:24:07.643 firefox-bin[67818:12553723] Warning: Expected min height of view: (<NSPopoverTouchBarItemButton: 0x13519ec00>) to be less than or equal to 30 but got a height of 32.000000. This error will be logged once per view in violation.
JavaScript warning: https://js.datadome.co/tags.js, line 2: unreachable code after return statement
JavaScript warning: https://js.datadome.co/tags.js, line 2: unreachable code after return statement
1609471449100	Marionette	INFO	Stopped listening on port 60719
1609471452836	Marionette	INFO	Stopped listening on port 60953

###!!! [Parent][RunMessage] Error: Channel closing: too late to send/recv, messages will be lost

1609471461052	geckodriver	INFO	Listening on 127.0.0.1:61041
1609471462073	mozrunner::runner	INFO	Running command: "/Applications/Firefox.app/Contents/MacOS/firefox-bin" "--marionette" "-foreground" "-no-remote" "-profile" "/var/folders/p4/jwptsdn13nx9_114spkdsfh40000gp/T/rust_mozprofileM8LzxQ"
2021-01-01 04:24:23.708 firefox-bin[67875:12556467] Warning: Expected min height of view: (<NSButton: 0x12eea8000>) to be less than or equal to 30 but got a height of 32.000000. This error will be logged once per view in violation.
2021-01-01 04:24:23.708 firefox-bin[67875:12556467] Warning: Expected min height of view: (<NSButton: 0x13aef0000>) to be less than or equal to 30 but got a height of 32.000000. This error will be logged once per view in violation.
2021-01-01 04:24:23.709 firefox-bin[67875:12556467] Warning: Expected min height of view: (<NSButton: 0x13aeec800>) to be less than or equal to 30 but got a height of 32.000000. This error will be logged once per view in violation.
2021-01-01 04:24:23.709 firefox-bin[67875:12556467] Warning: Expected min height of view: (<NSButton: 0x13aeec000>) to be less than or equal to 30 but got a height of 32.000000. This error will be logged once per view in violation.
2021-01-01 04:24:23.710 firefox-bin[67875:12556467] Warning: Expected min height of view: (<NSButton: 0x13aeeec00>) to be less than or equal to 30 but got a height of 32.000000. This error will be logged once per view in violation.
2021-01-01 04:24:23.710 firefox-bin[67875:12556467] Warning: Expected min height of view: (<NSPopoverTouchBarItemButton: 0x13aef0800>) to be less than or equal to 30 but got a height of 32.000000. This error will be logged once per view in violation.
2021-01-01 04:24:23.711 firefox-bin[67875:12556467] Warning: Expected min height of view: (<NSPopoverTouchBarItemButton: 0x13b111800>) to be less than or equal to 30 but got a height of 32.000000. This error will be logged once per view in violation.
console.warn: SearchSettings: "get: No settings file exists, new profile?" (new Error("", "(unknown module)"))
1609471464890	Marionette	INFO	Listening on port 61052
1609471464972	Marionette	WARN	TLS certificate errors will be ignored for this session
JavaScript warning: https://js.datadome.co/tags.js, line 2: unreachable code after return statement
JavaScript warning: https://js.datadome.co/tags.js, line 2: unreachable code after return statement
1609471482933	Marionette	INFO	Stopped listening on port 61052

###!!! [Parent][RunMessage] Error: Channel closing: too late to send/recv, messages will be lost

1609471555130	geckodriver	INFO	Listening on 127.0.0.1:61163
1609471555151	mozrunner::runner	INFO	Running command: "/Applications/Firefox.app/Contents/MacOS/firefox-bin" "--marionette" "-foreground" "-no-remote" "-profile" "/var/folders/p4/jwptsdn13nx9_114spkdsfh40000gp/T/rust_mozprofileW9wRU7"
2021-01-01 04:25:56.874 firefox-bin[67939:12558335] Warning: Expected min height of view: (<NSButton: 0x135603400>) to be less than or equal to 30 but got a height of 32.000000. This error will be logged once per view in violation.
2021-01-01 04:25:56.874 firefox-bin[67939:12558335] Warning: Expected min height of view: (<NSButton: 0x135611800>) to be less than or equal to 30 but got a height of 32.000000. This error will be logged once per view in violation.
2021-01-01 04:25:56.875 firefox-bin[67939:12558335] Warning: Expected min height of view: (<NSButton: 0x13560ec00>) to be less than or equal to 30 but got a height of 32.000000. This error will be logged once per view in violation.
2021-01-01 04:25:56.875 firefox-bin[67939:12558335] Warning: Expected min height of view: (<NSButton: 0x13560a400>) to be less than or equal to 30 but got a height of 32.000000. This error will be logged once per view in violation.
2021-01-01 04:25:56.876 firefox-bin[67939:12558335] Warning: Expected min height of view: (<NSButton: 0x13560d400>) to be less than or equal to 30 but got a height of 32.000000. This error will be logged once per view in violation.
2021-01-01 04:25:56.876 firefox-bin[67939:12558335] Warning: Expected min height of view: (<NSPopoverTouchBarItemButton: 0x13560a800>) to be less than or equal to 30 but got a height of 32.000000. This error will be logged once per view in violation.
2021-01-01 04:25:56.877 firefox-bin[67939:12558335] Warning: Expected min height of view: (<NSPopoverTouchBarItemButton: 0x135689c00>) to be less than or equal to 30 but got a height of 32.000000. This error will be logged once per view in violation.
console.warn: SearchSettings: "get: No settings file exists, new profile?" (new Error("", "(unknown module)"))
1609471558084	Marionette	INFO	Listening on port 61172
1609471558141	Marionette	WARN	TLS certificate errors will be ignored for this session
JavaScript warning: https://js.datadome.co/tags.js, line 2: unreachable code after return statement
JavaScript warning: https://js.datadome.co/tags.js, line 2: unreachable code after return statement
[GFX1-]: Receive IPC close with reason=AbnormalShutdown
Exiting due to channel error.
[GFX1-]: Receive IPC close with reason=AbnormalShutdown
[GFX1-]: Receive IPC close with reason=AbnormalShutdown
Exiting due to channel error.
Exiting due to channel error.
